<?xml version="1.0" encoding="UTF-8"?>
<!-- Generated by org.testng.reporters.JUnitReportReporter -->
<testsuite hostname="DESKTOP-VB6KSAO" failures="0" tests="1" name="Project3.Goibibo.Testcase13" time="57.217" errors="0" timestamp="2024-03-13T18:14:53 IST" skipped="0">
  <testcase classname="Project3.Goibibo.Testcase13" name="goibibotestcase13" time="57.217"/>
  <system-out>
    <![CDATA[Test case Started
Test case passed]]>
  </system-out>
</testsuite> <!-- Project3.Goibibo.Testcase13 -->
