<?xml version="1.0" encoding="UTF-8"?>
<!-- Generated by org.testng.reporters.JUnitReportReporter -->
<testsuite hostname="DESKTOP-VB6KSAO" failures="0" tests="1" name="Project2.Amazon.Testcase12" time="50.949" errors="0" timestamp="2024-03-14T10:48:58 IST" skipped="0">
  <testcase classname="Project2.Amazon.Testcase12" name="Items_qty_delete" time="50.949"/>
  <system-out>
    <![CDATA[Test case Started
Test case passed]]>
  </system-out>
</testsuite> <!-- Project2.Amazon.Testcase12 -->
