<?xml version="1.0" encoding="UTF-8"?>
<!-- Generated by org.testng.reporters.JUnitReportReporter -->
<testsuite hostname="DESKTOP-VB6KSAO" failures="0" tests="1" name="Project2.Amazon.Testcase8_2" time="30.744" errors="0" timestamp="2024-03-14T10:40:51 IST" skipped="0">
  <testcase classname="Project2.Amazon.Testcase8_2" name="Edit_user_progil" time="30.744"/>
  <system-out>
    <![CDATA[Test case Started
Test case passed]]>
  </system-out>
</testsuite> <!-- Project2.Amazon.Testcase8_2 -->
