<?xml version="1.0" encoding="UTF-8"?>
<!-- Generated by org.testng.reporters.JUnitReportReporter -->
<testsuite hostname="DESKTOP-VB6KSAO" failures="0" tests="1" name="Project2.Amazon.Testcase9" time="44.590" errors="0" timestamp="2024-03-14T10:42:54 IST" skipped="0">
  <testcase classname="Project2.Amazon.Testcase9" name="Items_add_cart" time="44.590"/>
  <system-out>
    <![CDATA[Test case Started
Test case passed]]>
  </system-out>
</testsuite> <!-- Project2.Amazon.Testcase9 -->
